{"/Users/waltermacall/Desktop/DigitalFemsaRN/src/api/dispatchRequest.ts": {"path":"/Users/waltermacall/Desktop/DigitalFemsaRN/src/api/dispatchRequest.ts","statementMap":{"0":{"start":{"line":3,"column":37},"end":{"line":5,"column":2}},"1":{"start":{"line":7,"column":31},"end":{"line":17,"column":1}},"2":{"start":{"line":8,"column":2},"end":{"line":16,"column":3}},"3":{"start":{"line":9,"column":4},"end":{"line":9,"column":80}},"4":{"start":{"line":10,"column":4},"end":{"line":10,"column":72}},"5":{"start":{"line":12,"column":21},"end":{"line":12,"column":57}},"6":{"start":{"line":13,"column":4},"end":{"line":13,"column":37}},"7":{"start":{"line":15,"column":4},"end":{"line":15,"column":26}}},"fnMap":{"0":{"name":"(anonymous_0)","decl":{"start":{"line":7,"column":31},"end":{"line":7,"column":32}},"loc":{"start":{"line":7,"column":70},"end":{"line":17,"column":1}},"line":7}},"branchMap":{},"s":{"0":1,"1":1,"2":1,"3":1,"4":0,"5":0,"6":0,"7":1},"f":{"0":1},"b":{},"_coverageSchema":"1a1c01bbd47fc00a2c39e90264f33305004495a9","hash":"ee809ed976f1e133cc9d35b3e6170452fc02d876"}
,"/Users/waltermacall/Desktop/DigitalFemsaRN/src/api/index.ts": {"path":"/Users/waltermacall/Desktop/DigitalFemsaRN/src/api/index.ts","statementMap":{},"fnMap":{},"branchMap":{},"s":{},"f":{},"b":{},"_coverageSchema":"1a1c01bbd47fc00a2c39e90264f33305004495a9","hash":"4051287fcd3e1ebd532a43a1169d35d0eba31eb7"}
,"/Users/waltermacall/Desktop/DigitalFemsaRN/src/api/products.ts": {"path":"/Users/waltermacall/Desktop/DigitalFemsaRN/src/api/products.ts","statementMap":{"0":{"start":{"line":13,"column":27},"end":{"line":19,"column":4}},"1":{"start":{"line":16,"column":2},"end":{"line":19,"column":4}}},"fnMap":{"0":{"name":"(anonymous_0)","decl":{"start":{"line":13,"column":27},"end":{"line":13,"column":28}},"loc":{"start":{"line":16,"column":2},"end":{"line":19,"column":4}},"line":16}},"branchMap":{},"s":{"0":1,"1":1},"f":{"0":1},"b":{},"_coverageSchema":"1a1c01bbd47fc00a2c39e90264f33305004495a9","hash":"5b31e6836b287428e27b07cbbf8b99a716386366"}
,"/Users/waltermacall/Desktop/DigitalFemsaRN/src/assets/index.ts": {"path":"/Users/waltermacall/Desktop/DigitalFemsaRN/src/assets/index.ts","statementMap":{},"fnMap":{},"branchMap":{},"s":{},"f":{},"b":{},"_coverageSchema":"1a1c01bbd47fc00a2c39e90264f33305004495a9","hash":"4ab3d1cecc14f3273868c6bf5fbdc9dd288d496d"}
,"/Users/waltermacall/Desktop/DigitalFemsaRN/src/assets/colors/index.ts": {"path":"/Users/waltermacall/Desktop/DigitalFemsaRN/src/assets/colors/index.ts","statementMap":{"0":{"start":{"line":1,"column":22},"end":{"line":10,"column":1}}},"fnMap":{},"branchMap":{},"s":{"0":2},"f":{},"b":{},"_coverageSchema":"1a1c01bbd47fc00a2c39e90264f33305004495a9","hash":"e68144b6370b92e585ef9041837c9f1726de2c1f"}
,"/Users/waltermacall/Desktop/DigitalFemsaRN/src/assets/images/arrow.png": {"path":"/Users/waltermacall/Desktop/DigitalFemsaRN/src/assets/images/arrow.png","statementMap":{"0":{"start":{"line":1,"column":0},"end":{"line":4,"column":6}}},"fnMap":{},"branchMap":{},"s":{"0":2},"f":{},"b":{},"_coverageSchema":"1a1c01bbd47fc00a2c39e90264f33305004495a9","hash":"718292550320e551aaa134de37e45965b14972cb"}
,"/Users/waltermacall/Desktop/DigitalFemsaRN/src/assets/images/image_placeholder.png": {"path":"/Users/waltermacall/Desktop/DigitalFemsaRN/src/assets/images/image_placeholder.png","statementMap":{"0":{"start":{"line":1,"column":0},"end":{"line":4,"column":6}}},"fnMap":{},"branchMap":{},"s":{"0":1},"f":{},"b":{},"_coverageSchema":"1a1c01bbd47fc00a2c39e90264f33305004495a9","hash":"9ffe61e07317909b75fbb8ea89042afe02834472"}
,"/Users/waltermacall/Desktop/DigitalFemsaRN/src/components/index.ts": {"path":"/Users/waltermacall/Desktop/DigitalFemsaRN/src/components/index.ts","statementMap":{},"fnMap":{},"branchMap":{},"s":{},"f":{},"b":{},"_coverageSchema":"1a1c01bbd47fc00a2c39e90264f33305004495a9","hash":"ff7c76ea3fafcd664133eb997b1953dc21d141ef"}
,"/Users/waltermacall/Desktop/DigitalFemsaRN/src/components/Button/Button.styles.ts": {"path":"/Users/waltermacall/Desktop/DigitalFemsaRN/src/components/Button/Button.styles.ts","statementMap":{},"fnMap":{},"branchMap":{},"s":{},"f":{},"b":{},"_coverageSchema":"1a1c01bbd47fc00a2c39e90264f33305004495a9","hash":"2f20044f3de2198c80e2e83932e179d28ad5f260"}
,"/Users/waltermacall/Desktop/DigitalFemsaRN/src/components/Button/Button.tsx": {"path":"/Users/waltermacall/Desktop/DigitalFemsaRN/src/components/Button/Button.tsx","statementMap":{"0":{"start":{"line":8,"column":22},"end":{"line":30,"column":1}},"1":{"start":{"line":9,"column":27},"end":{"line":18,"column":15}},"2":{"start":{"line":10,"column":4},"end":{"line":17,"column":5}},"3":{"start":{"line":12,"column":8},"end":{"line":12,"column":27}},"4":{"start":{"line":14,"column":8},"end":{"line":14,"column":28}},"5":{"start":{"line":16,"column":8},"end":{"line":16,"column":27}},"6":{"start":{"line":20,"column":2},"end":{"line":29,"column":4}}},"fnMap":{"0":{"name":"(anonymous_0)","decl":{"start":{"line":8,"column":22},"end":{"line":8,"column":23}},"loc":{"start":{"line":8,"column":66},"end":{"line":30,"column":1}},"line":8},"1":{"name":"(anonymous_1)","decl":{"start":{"line":9,"column":39},"end":{"line":9,"column":40}},"loc":{"start":{"line":9,"column":45},"end":{"line":18,"column":3}},"line":9}},"branchMap":{"0":{"loc":{"start":{"line":10,"column":4},"end":{"line":17,"column":5}},"type":"switch","locations":[{"start":{"line":11,"column":6},"end":{"line":12,"column":27}},{"start":{"line":13,"column":6},"end":{"line":14,"column":28}},{"start":{"line":15,"column":6},"end":{"line":16,"column":27}}],"line":10}},"s":{"0":2,"1":6,"2":6,"3":0,"4":2,"5":4,"6":6},"f":{"0":6,"1":6},"b":{"0":[0,2,4]},"_coverageSchema":"1a1c01bbd47fc00a2c39e90264f33305004495a9","hash":"2fadb0d33c1bf564edad2671094169122700b487"}
,"/Users/waltermacall/Desktop/DigitalFemsaRN/src/components/Button/index.ts": {"path":"/Users/waltermacall/Desktop/DigitalFemsaRN/src/components/Button/index.ts","statementMap":{},"fnMap":{},"branchMap":{},"s":{},"f":{},"b":{},"_coverageSchema":"1a1c01bbd47fc00a2c39e90264f33305004495a9","hash":"4cc358ae4bd82ad3c57fb82e8ef768999e04c613"}
,"/Users/waltermacall/Desktop/DigitalFemsaRN/src/components/PointsCard/PointsCard.style.ts": {"path":"/Users/waltermacall/Desktop/DigitalFemsaRN/src/components/PointsCard/PointsCard.style.ts","statementMap":{},"fnMap":{},"branchMap":{},"s":{},"f":{},"b":{},"_coverageSchema":"1a1c01bbd47fc00a2c39e90264f33305004495a9","hash":"ebee383d8618768e01175d15e6a1106eaab6a4ca"}
,"/Users/waltermacall/Desktop/DigitalFemsaRN/src/components/PointsCard/PointsCard.tsx": {"path":"/Users/waltermacall/Desktop/DigitalFemsaRN/src/components/PointsCard/PointsCard.tsx","statementMap":{"0":{"start":{"line":8,"column":26},"end":{"line":21,"column":1}},"1":{"start":{"line":9,"column":2},"end":{"line":20,"column":9}}},"fnMap":{"0":{"name":"(anonymous_0)","decl":{"start":{"line":8,"column":26},"end":{"line":8,"column":27}},"loc":{"start":{"line":9,"column":2},"end":{"line":20,"column":9}},"line":9}},"branchMap":{},"s":{"0":2,"1":1},"f":{"0":1},"b":{},"_coverageSchema":"1a1c01bbd47fc00a2c39e90264f33305004495a9","hash":"a3661bf8c5d794a57cd9c5c6fea745c9152efef6"}
,"/Users/waltermacall/Desktop/DigitalFemsaRN/src/components/PointsCard/index.ts": {"path":"/Users/waltermacall/Desktop/DigitalFemsaRN/src/components/PointsCard/index.ts","statementMap":{},"fnMap":{},"branchMap":{},"s":{},"f":{},"b":{},"_coverageSchema":"1a1c01bbd47fc00a2c39e90264f33305004495a9","hash":"59b8fb43757845b52aae15f16ba75fcf169f0456"}
,"/Users/waltermacall/Desktop/DigitalFemsaRN/src/components/ProductCard/ProductCard.styles.ts": {"path":"/Users/waltermacall/Desktop/DigitalFemsaRN/src/components/ProductCard/ProductCard.styles.ts","statementMap":{},"fnMap":{},"branchMap":{},"s":{},"f":{},"b":{},"_coverageSchema":"1a1c01bbd47fc00a2c39e90264f33305004495a9","hash":"a100fee7bd8565d2f5fbab27a9760a8199dfd1da"}
,"/Users/waltermacall/Desktop/DigitalFemsaRN/src/components/ProductCard/ProductCard.tsx": {"path":"/Users/waltermacall/Desktop/DigitalFemsaRN/src/components/ProductCard/ProductCard.tsx","statementMap":{"0":{"start":{"line":8,"column":27},"end":{"line":46,"column":1}},"1":{"start":{"line":16,"column":2},"end":{"line":45,"column":4}}},"fnMap":{"0":{"name":"(anonymous_0)","decl":{"start":{"line":8,"column":27},"end":{"line":8,"column":28}},"loc":{"start":{"line":15,"column":21},"end":{"line":46,"column":1}},"line":15}},"branchMap":{"0":{"loc":{"start":{"line":38,"column":47},"end":{"line":38,"column":77}},"type":"cond-expr","locations":[{"start":{"line":38,"column":63},"end":{"line":38,"column":68}},{"start":{"line":38,"column":71},"end":{"line":38,"column":77}}],"line":38},"1":{"loc":{"start":{"line":39,"column":11},"end":{"line":39,"column":36}},"type":"cond-expr","locations":[{"start":{"line":39,"column":27},"end":{"line":39,"column":30}},{"start":{"line":39,"column":33},"end":{"line":39,"column":36}}],"line":39}},"s":{"0":2,"1":0},"f":{"0":0},"b":{"0":[0,0],"1":[0,0]},"_coverageSchema":"1a1c01bbd47fc00a2c39e90264f33305004495a9","hash":"2b9e4c1cb2f3c19b0d6ee78036e8ecc81c7e31fa"}
,"/Users/waltermacall/Desktop/DigitalFemsaRN/src/components/ProductCard/index.ts": {"path":"/Users/waltermacall/Desktop/DigitalFemsaRN/src/components/ProductCard/index.ts","statementMap":{},"fnMap":{},"branchMap":{},"s":{},"f":{},"b":{},"_coverageSchema":"1a1c01bbd47fc00a2c39e90264f33305004495a9","hash":"853d77e40e2747011783a24583468d029e9ff422"}
,"/Users/waltermacall/Desktop/DigitalFemsaRN/src/components/Typography/Typography.styles.ts": {"path":"/Users/waltermacall/Desktop/DigitalFemsaRN/src/components/Typography/Typography.styles.ts","statementMap":{"0":{"start":{"line":5,"column":24},"end":{"line":10,"column":1}},"1":{"start":{"line":12,"column":27},"end":{"line":17,"column":1}}},"fnMap":{},"branchMap":{},"s":{"0":2,"1":2},"f":{},"b":{},"_coverageSchema":"1a1c01bbd47fc00a2c39e90264f33305004495a9","hash":"0de691a92f5f06b75f76cbf61fef70cab2b8d08f"}
,"/Users/waltermacall/Desktop/DigitalFemsaRN/src/components/Typography/Typography.tsx": {"path":"/Users/waltermacall/Desktop/DigitalFemsaRN/src/components/Typography/Typography.tsx","statementMap":{"0":{"start":{"line":7,"column":26},"end":{"line":48,"column":1}},"1":{"start":{"line":14,"column":25},"end":{"line":39,"column":15}},"2":{"start":{"line":15,"column":4},"end":{"line":38,"column":5}},"3":{"start":{"line":17,"column":8},"end":{"line":17,"column":30}},"4":{"start":{"line":19,"column":8},"end":{"line":19,"column":27}},"5":{"start":{"line":21,"column":8},"end":{"line":21,"column":31}},"6":{"start":{"line":23,"column":8},"end":{"line":23,"column":28}},"7":{"start":{"line":25,"column":8},"end":{"line":25,"column":30}},"8":{"start":{"line":27,"column":8},"end":{"line":27,"column":34}},"9":{"start":{"line":29,"column":8},"end":{"line":29,"column":29}},"10":{"start":{"line":31,"column":8},"end":{"line":31,"column":29}},"11":{"start":{"line":33,"column":8},"end":{"line":33,"column":25}},"12":{"start":{"line":35,"column":8},"end":{"line":35,"column":25}},"13":{"start":{"line":37,"column":8},"end":{"line":37,"column":30}},"14":{"start":{"line":41,"column":2},"end":{"line":47,"column":4}}},"fnMap":{"0":{"name":"(anonymous_0)","decl":{"start":{"line":7,"column":26},"end":{"line":7,"column":27}},"loc":{"start":{"line":13,"column":24},"end":{"line":48,"column":1}},"line":13},"1":{"name":"(anonymous_1)","decl":{"start":{"line":14,"column":37},"end":{"line":14,"column":38}},"loc":{"start":{"line":14,"column":43},"end":{"line":39,"column":3}},"line":14}},"branchMap":{"0":{"loc":{"start":{"line":9,"column":2},"end":{"line":9,"column":21}},"type":"default-arg","locations":[{"start":{"line":9,"column":12},"end":{"line":9,"column":21}}],"line":9},"1":{"loc":{"start":{"line":10,"column":2},"end":{"line":10,"column":17}},"type":"default-arg","locations":[{"start":{"line":10,"column":10},"end":{"line":10,"column":17}}],"line":10},"2":{"loc":{"start":{"line":15,"column":4},"end":{"line":38,"column":5}},"type":"switch","locations":[{"start":{"line":16,"column":6},"end":{"line":17,"column":30}},{"start":{"line":18,"column":6},"end":{"line":19,"column":27}},{"start":{"line":20,"column":6},"end":{"line":21,"column":31}},{"start":{"line":22,"column":6},"end":{"line":23,"column":28}},{"start":{"line":24,"column":6},"end":{"line":25,"column":30}},{"start":{"line":26,"column":6},"end":{"line":27,"column":34}},{"start":{"line":28,"column":6},"end":{"line":29,"column":29}},{"start":{"line":30,"column":6},"end":{"line":31,"column":29}},{"start":{"line":32,"column":6},"end":{"line":33,"column":25}},{"start":{"line":34,"column":6},"end":{"line":35,"column":25}},{"start":{"line":36,"column":6},"end":{"line":37,"column":30}}],"line":15}},"s":{"0":2,"1":32,"2":32,"3":10,"4":1,"5":11,"6":1,"7":0,"8":0,"9":4,"10":0,"11":4,"12":1,"13":0,"14":32},"f":{"0":32,"1":32},"b":{"0":[10],"1":[14],"2":[10,1,11,1,0,0,4,0,4,1,0]},"_coverageSchema":"1a1c01bbd47fc00a2c39e90264f33305004495a9","hash":"538e1caaf0aececbaaf7836c825d724f197aa7de"}
,"/Users/waltermacall/Desktop/DigitalFemsaRN/src/components/Typography/index.ts": {"path":"/Users/waltermacall/Desktop/DigitalFemsaRN/src/components/Typography/index.ts","statementMap":{},"fnMap":{},"branchMap":{},"s":{},"f":{},"b":{},"_coverageSchema":"1a1c01bbd47fc00a2c39e90264f33305004495a9","hash":"63035776323585dab3920860ae4ca830b1e3bb3b"}
,"/Users/waltermacall/Desktop/DigitalFemsaRN/src/hooks/index.ts": {"path":"/Users/waltermacall/Desktop/DigitalFemsaRN/src/hooks/index.ts","statementMap":{},"fnMap":{},"branchMap":{},"s":{},"f":{},"b":{},"_coverageSchema":"1a1c01bbd47fc00a2c39e90264f33305004495a9","hash":"2185b25cc192389d6c18b5e2dcb1028430b5dd88"}
,"/Users/waltermacall/Desktop/DigitalFemsaRN/src/hooks/useProducts.ts": {"path":"/Users/waltermacall/Desktop/DigitalFemsaRN/src/hooks/useProducts.ts","statementMap":{"0":{"start":{"line":5,"column":27},"end":{"line":50,"column":1}},"1":{"start":{"line":6,"column":36},"end":{"line":6,"column":50}},"2":{"start":{"line":7,"column":34},"end":{"line":7,"column":59}},"3":{"start":{"line":8,"column":30},"end":{"line":8,"column":43}},"4":{"start":{"line":9,"column":30},"end":{"line":9,"column":60}},"5":{"start":{"line":11,"column":24},"end":{"line":20,"column":8}},"6":{"start":{"line":12,"column":4},"end":{"line":19,"column":5}},"7":{"start":{"line":13,"column":23},"end":{"line":13,"column":42}},"8":{"start":{"line":14,"column":6},"end":{"line":14,"column":52}},"9":{"start":{"line":15,"column":6},"end":{"line":15,"column":43}},"10":{"start":{"line":16,"column":6},"end":{"line":16,"column":26}},"11":{"start":{"line":18,"column":6},"end":{"line":18,"column":26}},"12":{"start":{"line":22,"column":27},"end":{"line":24,"column":3}},"13":{"start":{"line":23,"column":4},"end":{"line":23,"column":28}},"14":{"start":{"line":26,"column":24},"end":{"line":28,"column":3}},"15":{"start":{"line":27,"column":4},"end":{"line":27,"column":20}},"16":{"start":{"line":30,"column":27},"end":{"line":36,"column":24}},"17":{"start":{"line":31,"column":4},"end":{"line":35,"column":5}},"18":{"start":{"line":32,"column":6},"end":{"line":32,"column":22}},"19":{"start":{"line":34,"column":6},"end":{"line":34,"column":74}},"20":{"start":{"line":34,"column":40},"end":{"line":34,"column":72}},"21":{"start":{"line":38,"column":2},"end":{"line":40,"column":22}},"22":{"start":{"line":39,"column":4},"end":{"line":39,"column":20}},"23":{"start":{"line":42,"column":2},"end":{"line":49,"column":4}}},"fnMap":{"0":{"name":"(anonymous_0)","decl":{"start":{"line":5,"column":27},"end":{"line":5,"column":28}},"loc":{"start":{"line":5,"column":33},"end":{"line":50,"column":1}},"line":5},"1":{"name":"(anonymous_1)","decl":{"start":{"line":11,"column":36},"end":{"line":11,"column":37}},"loc":{"start":{"line":11,"column":48},"end":{"line":20,"column":3}},"line":11},"2":{"name":"(anonymous_2)","decl":{"start":{"line":22,"column":27},"end":{"line":22,"column":28}},"loc":{"start":{"line":22,"column":54},"end":{"line":24,"column":3}},"line":22},"3":{"name":"(anonymous_3)","decl":{"start":{"line":26,"column":24},"end":{"line":26,"column":25}},"loc":{"start":{"line":26,"column":30},"end":{"line":28,"column":3}},"line":26},"4":{"name":"(anonymous_4)","decl":{"start":{"line":30,"column":35},"end":{"line":30,"column":36}},"loc":{"start":{"line":30,"column":41},"end":{"line":36,"column":3}},"line":30},"5":{"name":"(anonymous_5)","decl":{"start":{"line":34,"column":29},"end":{"line":34,"column":30}},"loc":{"start":{"line":34,"column":40},"end":{"line":34,"column":72}},"line":34},"6":{"name":"(anonymous_6)","decl":{"start":{"line":38,"column":12},"end":{"line":38,"column":13}},"loc":{"start":{"line":38,"column":18},"end":{"line":40,"column":3}},"line":38}},"branchMap":{"0":{"loc":{"start":{"line":31,"column":4},"end":{"line":35,"column":5}},"type":"if","locations":[{"start":{"line":31,"column":4},"end":{"line":35,"column":5}},{"start":{"line":33,"column":11},"end":{"line":35,"column":5}}],"line":31}},"s":{"0":2,"1":29,"2":29,"3":29,"4":29,"5":29,"6":7,"7":7,"8":7,"9":7,"10":7,"11":0,"12":29,"13":3,"14":29,"15":1,"16":29,"17":17,"18":14,"19":3,"20":3,"21":29,"22":7,"23":29},"f":{"0":29,"1":7,"2":3,"3":1,"4":17,"5":3,"6":7},"b":{"0":[14,3]},"_coverageSchema":"1a1c01bbd47fc00a2c39e90264f33305004495a9","hash":"24cf411003f20c0799b0ca7e0dbc250e2dc4d5eb"}
,"/Users/waltermacall/Desktop/DigitalFemsaRN/src/i18n/index.ts": {"path":"/Users/waltermacall/Desktop/DigitalFemsaRN/src/i18n/index.ts","statementMap":{"0":{"start":{"line":4,"column":13},"end":{"line":6,"column":2}},"1":{"start":{"line":8,"column":0},"end":{"line":8,"column":26}},"2":{"start":{"line":9,"column":0},"end":{"line":9,"column":19}},"3":{"start":{"line":10,"column":0},"end":{"line":10,"column":27}},"4":{"start":{"line":22,"column":2},"end":{"line":22,"column":41}}},"fnMap":{"0":{"name":"translate","decl":{"start":{"line":21,"column":16},"end":{"line":21,"column":25}},"loc":{"start":{"line":21,"column":70},"end":{"line":23,"column":1}},"line":21}},"branchMap":{"0":{"loc":{"start":{"line":22,"column":9},"end":{"line":22,"column":40}},"type":"cond-expr","locations":[{"start":{"line":22,"column":15},"end":{"line":22,"column":35}},{"start":{"line":22,"column":38},"end":{"line":22,"column":40}}],"line":22}},"s":{"0":3,"1":3,"2":3,"3":3,"4":32},"f":{"0":32},"b":{"0":[32,0]},"_coverageSchema":"1a1c01bbd47fc00a2c39e90264f33305004495a9","hash":"ce0dc170b42fe805fcd396fedd4969401af7bdc1"}
,"/Users/waltermacall/Desktop/DigitalFemsaRN/src/routes/index.ts": {"path":"/Users/waltermacall/Desktop/DigitalFemsaRN/src/routes/index.ts","statementMap":{},"fnMap":{},"branchMap":{},"s":{},"f":{},"b":{},"_coverageSchema":"1a1c01bbd47fc00a2c39e90264f33305004495a9","hash":"96255c3d56c765d03c24f4d6e789f9b78c090d55"}
,"/Users/waltermacall/Desktop/DigitalFemsaRN/src/routes/app/App.routes.tsx": {"path":"/Users/waltermacall/Desktop/DigitalFemsaRN/src/routes/app/App.routes.tsx","statementMap":{"0":{"start":{"line":6,"column":17},"end":{"line":6,"column":62}},"1":{"start":{"line":8,"column":25},"end":{"line":20,"column":1}},"2":{"start":{"line":9,"column":2},"end":{"line":19,"column":23}}},"fnMap":{"0":{"name":"(anonymous_0)","decl":{"start":{"line":8,"column":25},"end":{"line":8,"column":26}},"loc":{"start":{"line":9,"column":2},"end":{"line":19,"column":23}},"line":9}},"branchMap":{},"s":{"0":1,"1":1,"2":0},"f":{"0":0},"b":{},"_coverageSchema":"1a1c01bbd47fc00a2c39e90264f33305004495a9","hash":"5cac6b5c67d09e92d886a8376ff535f4178c6ae5"}
,"/Users/waltermacall/Desktop/DigitalFemsaRN/src/routes/app/App.routes.types.ts": {"path":"/Users/waltermacall/Desktop/DigitalFemsaRN/src/routes/app/App.routes.types.ts","statementMap":{},"fnMap":{},"branchMap":{},"s":{},"f":{},"b":{},"_coverageSchema":"1a1c01bbd47fc00a2c39e90264f33305004495a9","hash":"a39aa0a378fa5520b510ab000a40282de935b483"}
,"/Users/waltermacall/Desktop/DigitalFemsaRN/src/routes/app/index.ts": {"path":"/Users/waltermacall/Desktop/DigitalFemsaRN/src/routes/app/index.ts","statementMap":{},"fnMap":{},"branchMap":{},"s":{},"f":{},"b":{},"_coverageSchema":"1a1c01bbd47fc00a2c39e90264f33305004495a9","hash":"68aa5e038992146278b01402006c54c09f1a0747"}
,"/Users/waltermacall/Desktop/DigitalFemsaRN/src/screens/index.ts": {"path":"/Users/waltermacall/Desktop/DigitalFemsaRN/src/screens/index.ts","statementMap":{},"fnMap":{},"branchMap":{},"s":{},"f":{},"b":{},"_coverageSchema":"1a1c01bbd47fc00a2c39e90264f33305004495a9","hash":"d3016a5d0c8af9159ebd9dc4e87218768cdc5048"}
,"/Users/waltermacall/Desktop/DigitalFemsaRN/src/screens/Home/HomeScreen.styles.ts": {"path":"/Users/waltermacall/Desktop/DigitalFemsaRN/src/screens/Home/HomeScreen.styles.ts","statementMap":{},"fnMap":{},"branchMap":{},"s":{},"f":{},"b":{},"_coverageSchema":"1a1c01bbd47fc00a2c39e90264f33305004495a9","hash":"2d7cd9f5b3150a9f27309a8c328559dfff2f1615"}
,"/Users/waltermacall/Desktop/DigitalFemsaRN/src/screens/Home/HomeScreen.tsx": {"path":"/Users/waltermacall/Desktop/DigitalFemsaRN/src/screens/Home/HomeScreen.tsx","statementMap":{"0":{"start":{"line":12,"column":26},"end":{"line":78,"column":1}},"1":{"start":{"line":14,"column":4},"end":{"line":14,"column":17}},"2":{"start":{"line":15,"column":21},"end":{"line":15,"column":31}},"3":{"start":{"line":16,"column":22},"end":{"line":21,"column":3}},"4":{"start":{"line":18,"column":6},"end":{"line":18,"column":60}},"5":{"start":{"line":23,"column":2},"end":{"line":77,"column":4}},"6":{"start":{"line":33,"column":12},"end":{"line":45,"column":15}},"7":{"start":{"line":48,"column":34},"end":{"line":48,"column":47}},"8":{"start":{"line":53,"column":12},"end":{"line":53,"column":71}},"9":{"start":{"line":53,"column":50},"end":{"line":53,"column":67}},"10":{"start":{"line":57,"column":12},"end":{"line":72,"column":13}},"11":{"start":{"line":61,"column":33},"end":{"line":61,"column":56}},"12":{"start":{"line":66,"column":33},"end":{"line":66,"column":55}}},"fnMap":{"0":{"name":"(anonymous_0)","decl":{"start":{"line":12,"column":26},"end":{"line":12,"column":27}},"loc":{"start":{"line":12,"column":62},"end":{"line":78,"column":1}},"line":12},"1":{"name":"(anonymous_1)","decl":{"start":{"line":17,"column":4},"end":{"line":17,"column":5}},"loc":{"start":{"line":17,"column":28},"end":{"line":19,"column":5}},"line":17},"2":{"name":"(anonymous_2)","decl":{"start":{"line":32,"column":31},"end":{"line":32,"column":32}},"loc":{"start":{"line":33,"column":12},"end":{"line":45,"column":15}},"line":33},"3":{"name":"(anonymous_3)","decl":{"start":{"line":48,"column":24},"end":{"line":48,"column":25}},"loc":{"start":{"line":48,"column":34},"end":{"line":48,"column":47}},"line":48},"4":{"name":"(anonymous_4)","decl":{"start":{"line":52,"column":22},"end":{"line":52,"column":23}},"loc":{"start":{"line":53,"column":12},"end":{"line":53,"column":71}},"line":53},"5":{"name":"(anonymous_5)","decl":{"start":{"line":53,"column":44},"end":{"line":53,"column":45}},"loc":{"start":{"line":53,"column":50},"end":{"line":53,"column":67}},"line":53},"6":{"name":"(anonymous_6)","decl":{"start":{"line":56,"column":31},"end":{"line":56,"column":32}},"loc":{"start":{"line":57,"column":12},"end":{"line":72,"column":13}},"line":57},"7":{"name":"(anonymous_7)","decl":{"start":{"line":61,"column":27},"end":{"line":61,"column":28}},"loc":{"start":{"line":61,"column":33},"end":{"line":61,"column":56}},"line":61},"8":{"name":"(anonymous_8)","decl":{"start":{"line":66,"column":27},"end":{"line":66,"column":28}},"loc":{"start":{"line":66,"column":33},"end":{"line":66,"column":55}},"line":66}},"branchMap":{"0":{"loc":{"start":{"line":26,"column":7},"end":{"line":75,"column":7}},"type":"cond-expr","locations":[{"start":{"line":27,"column":8},"end":{"line":29,"column":15}},{"start":{"line":31,"column":8},"end":{"line":74,"column":10}}],"line":26},"1":{"loc":{"start":{"line":57,"column":12},"end":{"line":72,"column":13}},"type":"cond-expr","locations":[{"start":{"line":58,"column":14},"end":{"line":69,"column":21}},{"start":{"line":71,"column":14},"end":{"line":71,"column":74}}],"line":57}},"s":{"0":1,"1":4,"2":4,"3":4,"4":0,"5":4,"6":1,"7":0,"8":0,"9":0,"10":1,"11":0,"12":0},"f":{"0":4,"1":0,"2":1,"3":0,"4":0,"5":0,"6":1,"7":0,"8":0},"b":{"0":[3,1],"1":[1,0]},"_coverageSchema":"1a1c01bbd47fc00a2c39e90264f33305004495a9","hash":"4b93501de67a24bea592774e9929e2f23c756fdd"}
,"/Users/waltermacall/Desktop/DigitalFemsaRN/src/screens/Home/index.ts": {"path":"/Users/waltermacall/Desktop/DigitalFemsaRN/src/screens/Home/index.ts","statementMap":{},"fnMap":{},"branchMap":{},"s":{},"f":{},"b":{},"_coverageSchema":"1a1c01bbd47fc00a2c39e90264f33305004495a9","hash":"678047f544a970e2ad1289173614f0d5d83c5845"}
,"/Users/waltermacall/Desktop/DigitalFemsaRN/src/screens/Product/ProductScreen.styles.ts": {"path":"/Users/waltermacall/Desktop/DigitalFemsaRN/src/screens/Product/ProductScreen.styles.ts","statementMap":{},"fnMap":{},"branchMap":{},"s":{},"f":{},"b":{},"_coverageSchema":"1a1c01bbd47fc00a2c39e90264f33305004495a9","hash":"6195dffc11722e2c034a57049ab6887901c689d0"}
,"/Users/waltermacall/Desktop/DigitalFemsaRN/src/screens/Product/ProductScreen.tsx": {"path":"/Users/waltermacall/Desktop/DigitalFemsaRN/src/screens/Product/ProductScreen.tsx","statementMap":{"0":{"start":{"line":8,"column":29},"end":{"line":53,"column":1}},"1":{"start":{"line":9,"column":20},"end":{"line":9,"column":32}},"2":{"start":{"line":10,"column":19},"end":{"line":10,"column":29}},"3":{"start":{"line":12,"column":24},"end":{"line":14,"column":14}},"4":{"start":{"line":13,"column":4},"end":{"line":13,"column":13}},"5":{"start":{"line":16,"column":2},"end":{"line":52,"column":4}}},"fnMap":{"0":{"name":"(anonymous_0)","decl":{"start":{"line":8,"column":29},"end":{"line":8,"column":30}},"loc":{"start":{"line":8,"column":75},"end":{"line":53,"column":1}},"line":8},"1":{"name":"(anonymous_1)","decl":{"start":{"line":12,"column":36},"end":{"line":12,"column":37}},"loc":{"start":{"line":12,"column":42},"end":{"line":14,"column":3}},"line":12}},"branchMap":{},"s":{"0":2,"1":4,"2":4,"3":4,"4":1,"5":4},"f":{"0":4,"1":1},"b":{},"_coverageSchema":"1a1c01bbd47fc00a2c39e90264f33305004495a9","hash":"3def56c9d556d0565e965a176ebe87d2bc0164b9"}
,"/Users/waltermacall/Desktop/DigitalFemsaRN/src/screens/Product/index.ts": {"path":"/Users/waltermacall/Desktop/DigitalFemsaRN/src/screens/Product/index.ts","statementMap":{},"fnMap":{},"branchMap":{},"s":{},"f":{},"b":{},"_coverageSchema":"1a1c01bbd47fc00a2c39e90264f33305004495a9","hash":"ef86ba44f33f2c4926306d7fcbe8b462033df217"}
,"/Users/waltermacall/Desktop/DigitalFemsaRN/src/utils/formatters.ts": {"path":"/Users/waltermacall/Desktop/DigitalFemsaRN/src/utils/formatters.ts","statementMap":{"0":{"start":{"line":4,"column":32},"end":{"line":29,"column":1}},"1":{"start":{"line":7,"column":2},"end":{"line":26,"column":3}},"2":{"start":{"line":8,"column":4},"end":{"line":25,"column":6}},"3":{"start":{"line":10,"column":19},"end":{"line":10,"column":38}},"4":{"start":{"line":11,"column":18},"end":{"line":11,"column":35}},"5":{"start":{"line":12,"column":20},"end":{"line":12,"column":65}},"6":{"start":{"line":13,"column":19},"end":{"line":13,"column":40}},"7":{"start":{"line":14,"column":28},"end":{"line":14,"column":75}},"8":{"start":{"line":16,"column":8},"end":{"line":23,"column":10}},"9":{"start":{"line":28,"column":2},"end":{"line":28,"column":12}},"10":{"start":{"line":31,"column":21},"end":{"line":36,"column":1}},"11":{"start":{"line":32,"column":2},"end":{"line":35,"column":5}},"12":{"start":{"line":38,"column":25},"end":{"line":47,"column":1}},"13":{"start":{"line":39,"column":2},"end":{"line":45,"column":3}},"14":{"start":{"line":40,"column":19},"end":{"line":42,"column":56}},"15":{"start":{"line":41,"column":35},"end":{"line":41,"column":49}},"16":{"start":{"line":42,"column":32},"end":{"line":42,"column":52}},"17":{"start":{"line":44,"column":4},"end":{"line":44,"column":32}},"18":{"start":{"line":46,"column":2},"end":{"line":46,"column":19}}},"fnMap":{"0":{"name":"(anonymous_0)","decl":{"start":{"line":4,"column":32},"end":{"line":4,"column":33}},"loc":{"start":{"line":6,"column":18},"end":{"line":29,"column":1}},"line":6},"1":{"name":"(anonymous_1)","decl":{"start":{"line":9,"column":6},"end":{"line":9,"column":7}},"loc":{"start":{"line":9,"column":66},"end":{"line":24,"column":7}},"line":9},"2":{"name":"(anonymous_2)","decl":{"start":{"line":31,"column":21},"end":{"line":31,"column":22}},"loc":{"start":{"line":31,"column":38},"end":{"line":36,"column":1}},"line":31},"3":{"name":"(anonymous_3)","decl":{"start":{"line":38,"column":25},"end":{"line":38,"column":26}},"loc":{"start":{"line":38,"column":64},"end":{"line":47,"column":1}},"line":38},"4":{"name":"(anonymous_4)","decl":{"start":{"line":41,"column":14},"end":{"line":41,"column":15}},"loc":{"start":{"line":41,"column":35},"end":{"line":41,"column":49}},"line":41},"5":{"name":"(anonymous_5)","decl":{"start":{"line":42,"column":14},"end":{"line":42,"column":15}},"loc":{"start":{"line":42,"column":32},"end":{"line":42,"column":52}},"line":42}},"branchMap":{"0":{"loc":{"start":{"line":7,"column":2},"end":{"line":26,"column":3}},"type":"if","locations":[{"start":{"line":7,"column":2},"end":{"line":26,"column":3}},{"start":{},"end":{}}],"line":7},"1":{"loc":{"start":{"line":39,"column":2},"end":{"line":45,"column":3}},"type":"if","locations":[{"start":{"line":39,"column":2},"end":{"line":45,"column":3}},{"start":{},"end":{}}],"line":39}},"s":{"0":3,"1":7,"2":6,"3":6,"4":6,"5":6,"6":6,"7":6,"8":6,"9":1,"10":3,"11":6,"12":3,"13":7,"14":6,"15":6,"16":0,"17":6,"18":1},"f":{"0":7,"1":6,"2":6,"3":7,"4":6,"5":0},"b":{"0":[6,1],"1":[6,1]},"_coverageSchema":"1a1c01bbd47fc00a2c39e90264f33305004495a9","hash":"b4f3c3b88de2881dccb0658806c0c235a4f6948b"}
,"/Users/waltermacall/Desktop/DigitalFemsaRN/src/utils/index.ts": {"path":"/Users/waltermacall/Desktop/DigitalFemsaRN/src/utils/index.ts","statementMap":{},"fnMap":{},"branchMap":{},"s":{},"f":{},"b":{},"_coverageSchema":"1a1c01bbd47fc00a2c39e90264f33305004495a9","hash":"d32202e09a8801d7305ce68d49ece3355944ce7a"}
,"/Users/waltermacall/Desktop/DigitalFemsaRN/src/utils/theme.ts": {"path":"/Users/waltermacall/Desktop/DigitalFemsaRN/src/utils/theme.ts","statementMap":{"0":{"start":{"line":3,"column":19},"end":{"line":3,"column":22}},"1":{"start":{"line":4,"column":20},"end":{"line":4,"column":23}},"2":{"start":{"line":5,"column":22},"end":{"line":5,"column":65}},"3":{"start":{"line":6,"column":15},"end":{"line":6,"column":44}},"4":{"start":{"line":8,"column":18},"end":{"line":13,"column":1}},"5":{"start":{"line":9,"column":19},"end":{"line":9,"column":50}},"6":{"start":{"line":10,"column":2},"end":{"line":10,"column":32}},"7":{"start":{"line":11,"column":2},"end":{"line":11,"column":41}},"8":{"start":{"line":12,"column":2},"end":{"line":12,"column":52}},"9":{"start":{"line":14,"column":19},"end":{"line":19,"column":1}},"10":{"start":{"line":15,"column":20},"end":{"line":15,"column":53}},"11":{"start":{"line":16,"column":2},"end":{"line":16,"column":34}},"12":{"start":{"line":17,"column":2},"end":{"line":17,"column":44}},"13":{"start":{"line":18,"column":2},"end":{"line":18,"column":53}},"14":{"start":{"line":21,"column":21},"end":{"line":25,"column":1}},"15":{"start":{"line":22,"column":46},"end":{"line":22,"column":67}},"16":{"start":{"line":23,"column":47},"end":{"line":23,"column":69}},"17":{"start":{"line":24,"column":45},"end":{"line":24,"column":67}}},"fnMap":{"0":{"name":"(anonymous_0)","decl":{"start":{"line":8,"column":18},"end":{"line":8,"column":19}},"loc":{"start":{"line":8,"column":50},"end":{"line":13,"column":1}},"line":8},"1":{"name":"(anonymous_1)","decl":{"start":{"line":14,"column":19},"end":{"line":14,"column":20}},"loc":{"start":{"line":14,"column":52},"end":{"line":19,"column":1}},"line":14},"2":{"name":"(anonymous_2)","decl":{"start":{"line":22,"column":14},"end":{"line":22,"column":15}},"loc":{"start":{"line":22,"column":46},"end":{"line":22,"column":67}},"line":22},"3":{"name":"(anonymous_3)","decl":{"start":{"line":23,"column":15},"end":{"line":23,"column":16}},"loc":{"start":{"line":23,"column":47},"end":{"line":23,"column":69}},"line":23},"4":{"name":"(anonymous_4)","decl":{"start":{"line":24,"column":13},"end":{"line":24,"column":14}},"loc":{"start":{"line":24,"column":45},"end":{"line":24,"column":67}},"line":24}},"branchMap":{"0":{"loc":{"start":{"line":5,"column":22},"end":{"line":5,"column":65}},"type":"cond-expr","locations":[{"start":{"line":5,"column":46},"end":{"line":5,"column":54}},{"start":{"line":5,"column":57},"end":{"line":5,"column":65}}],"line":5}},"s":{"0":3,"1":3,"2":3,"3":3,"4":3,"5":36,"6":36,"7":36,"8":36,"9":3,"10":65,"11":65,"12":65,"13":65,"14":3,"15":36,"16":37,"17":28},"f":{"0":36,"1":65,"2":36,"3":37,"4":28},"b":{"0":[3,0]},"_coverageSchema":"1a1c01bbd47fc00a2c39e90264f33305004495a9","hash":"7a2734e3d1abb3b96f37302d3f5623dd2883ee62"}
}
