TN:
SF:src/api/dispatchRequest.ts
FN:7,(anonymous_0)
FNF:1
FNH:1
FNDA:1,(anonymous_0)
DA:3,1
DA:7,1
DA:8,1
DA:9,1
DA:10,0
DA:12,0
DA:13,0
DA:15,1
LF:8
LH:5
BRF:0
BRH:0
end_of_record
TN:
SF:src/api/index.ts
FNF:0
FNH:0
LF:0
LH:0
BRF:0
BRH:0
end_of_record
TN:
SF:src/api/products.ts
FN:13,(anonymous_0)
FNF:1
FNH:1
FNDA:1,(anonymous_0)
DA:13,1
DA:16,1
LF:2
LH:2
BRF:0
BRH:0
end_of_record
TN:
SF:src/assets/index.ts
FNF:0
FNH:0
LF:0
LH:0
BRF:0
BRH:0
end_of_record
TN:
SF:src/assets/colors/index.ts
FNF:0
FNH:0
DA:1,2
LF:1
LH:1
BRF:0
BRH:0
end_of_record
TN:
SF:src/assets/images/arrow.png
FNF:0
FNH:0
DA:1,2
LF:1
LH:1
BRF:0
BRH:0
end_of_record
TN:
SF:src/assets/images/image_placeholder.png
FNF:0
FNH:0
DA:1,1
LF:1
LH:1
BRF:0
BRH:0
end_of_record
TN:
SF:src/components/index.ts
FNF:0
FNH:0
LF:0
LH:0
BRF:0
BRH:0
end_of_record
TN:
SF:src/components/Button/Button.styles.ts
FNF:0
FNH:0
LF:0
LH:0
BRF:0
BRH:0
end_of_record
TN:
SF:src/components/Button/Button.tsx
FN:8,(anonymous_0)
FN:9,(anonymous_1)
FNF:2
FNH:2
FNDA:6,(anonymous_0)
FNDA:6,(anonymous_1)
DA:8,2
DA:9,6
DA:10,6
DA:12,0
DA:14,2
DA:16,4
DA:20,6
LF:7
LH:6
BRDA:10,0,0,0
BRDA:10,0,1,2
BRDA:10,0,2,4
BRF:3
BRH:2
end_of_record
TN:
SF:src/components/Button/index.ts
FNF:0
FNH:0
LF:0
LH:0
BRF:0
BRH:0
end_of_record
TN:
SF:src/components/PointsCard/PointsCard.style.ts
FNF:0
FNH:0
LF:0
LH:0
BRF:0
BRH:0
end_of_record
TN:
SF:src/components/PointsCard/PointsCard.tsx
FN:8,(anonymous_0)
FNF:1
FNH:1
FNDA:1,(anonymous_0)
DA:8,2
DA:9,1
LF:2
LH:2
BRF:0
BRH:0
end_of_record
TN:
SF:src/components/PointsCard/index.ts
FNF:0
FNH:0
LF:0
LH:0
BRF:0
BRH:0
end_of_record
TN:
SF:src/components/ProductCard/ProductCard.styles.ts
FNF:0
FNH:0
LF:0
LH:0
BRF:0
BRH:0
end_of_record
TN:
SF:src/components/ProductCard/ProductCard.tsx
FN:8,(anonymous_0)
FNF:1
FNH:0
FNDA:0,(anonymous_0)
DA:8,2
DA:16,0
LF:2
LH:1
BRDA:38,0,0,0
BRDA:38,0,1,0
BRDA:39,1,0,0
BRDA:39,1,1,0
BRF:4
BRH:0
end_of_record
TN:
SF:src/components/ProductCard/index.ts
FNF:0
FNH:0
LF:0
LH:0
BRF:0
BRH:0
end_of_record
TN:
SF:src/components/Typography/Typography.styles.ts
FNF:0
FNH:0
DA:5,2
DA:12,2
LF:2
LH:2
BRF:0
BRH:0
end_of_record
TN:
SF:src/components/Typography/Typography.tsx
FN:7,(anonymous_0)
FN:14,(anonymous_1)
FNF:2
FNH:2
FNDA:32,(anonymous_0)
FNDA:32,(anonymous_1)
DA:7,2
DA:14,32
DA:15,32
DA:17,10
DA:19,1
DA:21,11
DA:23,1
DA:25,0
DA:27,0
DA:29,4
DA:31,0
DA:33,4
DA:35,1
DA:37,0
DA:41,32
LF:15
LH:11
BRDA:9,0,0,10
BRDA:10,1,0,14
BRDA:15,2,0,10
BRDA:15,2,1,1
BRDA:15,2,2,11
BRDA:15,2,3,1
BRDA:15,2,4,0
BRDA:15,2,5,0
BRDA:15,2,6,4
BRDA:15,2,7,0
BRDA:15,2,8,4
BRDA:15,2,9,1
BRDA:15,2,10,0
BRF:13
BRH:9
end_of_record
TN:
SF:src/components/Typography/index.ts
FNF:0
FNH:0
LF:0
LH:0
BRF:0
BRH:0
end_of_record
TN:
SF:src/hooks/index.ts
FNF:0
FNH:0
LF:0
LH:0
BRF:0
BRH:0
end_of_record
TN:
SF:src/hooks/useProducts.ts
FN:5,(anonymous_0)
FN:11,(anonymous_1)
FN:22,(anonymous_2)
FN:26,(anonymous_3)
FN:30,(anonymous_4)
FN:34,(anonymous_5)
FN:38,(anonymous_6)
FNF:7
FNH:7
FNDA:29,(anonymous_0)
FNDA:7,(anonymous_1)
FNDA:3,(anonymous_2)
FNDA:1,(anonymous_3)
FNDA:17,(anonymous_4)
FNDA:3,(anonymous_5)
FNDA:7,(anonymous_6)
DA:5,2
DA:6,29
DA:7,29
DA:8,29
DA:9,29
DA:11,29
DA:12,7
DA:13,7
DA:14,7
DA:15,7
DA:16,7
DA:18,0
DA:22,29
DA:23,3
DA:26,29
DA:27,1
DA:30,29
DA:31,17
DA:32,14
DA:34,3
DA:38,29
DA:39,7
DA:42,29
LF:23
LH:22
BRDA:31,0,0,14
BRDA:31,0,1,3
BRF:2
BRH:2
end_of_record
TN:
SF:src/i18n/index.ts
FN:21,translate
FNF:1
FNH:1
FNDA:32,translate
DA:4,3
DA:8,3
DA:9,3
DA:10,3
DA:22,32
LF:5
LH:5
BRDA:22,0,0,32
BRDA:22,0,1,0
BRF:2
BRH:1
end_of_record
TN:
SF:src/routes/index.ts
FNF:0
FNH:0
LF:0
LH:0
BRF:0
BRH:0
end_of_record
TN:
SF:src/routes/app/App.routes.tsx
FN:8,(anonymous_0)
FNF:1
FNH:0
FNDA:0,(anonymous_0)
DA:6,1
DA:8,1
DA:9,0
LF:3
LH:2
BRF:0
BRH:0
end_of_record
TN:
SF:src/routes/app/App.routes.types.ts
FNF:0
FNH:0
LF:0
LH:0
BRF:0
BRH:0
end_of_record
TN:
SF:src/routes/app/index.ts
FNF:0
FNH:0
LF:0
LH:0
BRF:0
BRH:0
end_of_record
TN:
SF:src/screens/index.ts
FNF:0
FNH:0
LF:0
LH:0
BRF:0
BRH:0
end_of_record
TN:
SF:src/screens/Home/HomeScreen.styles.ts
FNF:0
FNH:0
LF:0
LH:0
BRF:0
BRH:0
end_of_record
TN:
SF:src/screens/Home/HomeScreen.tsx
FN:12,(anonymous_0)
FN:17,(anonymous_1)
FN:32,(anonymous_2)
FN:48,(anonymous_3)
FN:52,(anonymous_4)
FN:53,(anonymous_5)
FN:56,(anonymous_6)
FN:61,(anonymous_7)
FN:66,(anonymous_8)
FNF:9
FNH:3
FNDA:4,(anonymous_0)
FNDA:0,(anonymous_1)
FNDA:1,(anonymous_2)
FNDA:0,(anonymous_3)
FNDA:0,(anonymous_4)
FNDA:0,(anonymous_5)
FNDA:1,(anonymous_6)
FNDA:0,(anonymous_7)
FNDA:0,(anonymous_8)
DA:12,1
DA:14,4
DA:15,4
DA:16,4
DA:18,0
DA:23,4
DA:33,1
DA:48,0
DA:53,0
DA:57,1
DA:61,0
DA:66,0
LF:12
LH:7
BRDA:26,0,0,3
BRDA:26,0,1,1
BRDA:57,1,0,1
BRDA:57,1,1,0
BRF:4
BRH:3
end_of_record
TN:
SF:src/screens/Home/index.ts
FNF:0
FNH:0
LF:0
LH:0
BRF:0
BRH:0
end_of_record
TN:
SF:src/screens/Product/ProductScreen.styles.ts
FNF:0
FNH:0
LF:0
LH:0
BRF:0
BRH:0
end_of_record
TN:
SF:src/screens/Product/ProductScreen.tsx
FN:8,(anonymous_0)
FN:12,(anonymous_1)
FNF:2
FNH:2
FNDA:4,(anonymous_0)
FNDA:1,(anonymous_1)
DA:8,2
DA:9,4
DA:10,4
DA:12,4
DA:13,1
DA:16,4
LF:6
LH:6
BRF:0
BRH:0
end_of_record
TN:
SF:src/screens/Product/index.ts
FNF:0
FNH:0
LF:0
LH:0
BRF:0
BRH:0
end_of_record
TN:
SF:src/utils/formatters.ts
FN:4,(anonymous_0)
FN:9,(anonymous_1)
FN:31,(anonymous_2)
FN:38,(anonymous_3)
FN:41,(anonymous_4)
FN:42,(anonymous_5)
FNF:6
FNH:5
FNDA:7,(anonymous_0)
FNDA:6,(anonymous_1)
FNDA:6,(anonymous_2)
FNDA:7,(anonymous_3)
FNDA:6,(anonymous_4)
FNDA:0,(anonymous_5)
DA:4,3
DA:7,7
DA:8,6
DA:10,6
DA:11,6
DA:12,6
DA:13,6
DA:14,6
DA:16,6
DA:28,1
DA:31,3
DA:32,6
DA:38,3
DA:39,7
DA:40,6
DA:41,6
DA:42,0
DA:44,6
DA:46,1
LF:19
LH:18
BRDA:7,0,0,6
BRDA:7,0,1,1
BRDA:39,1,0,6
BRDA:39,1,1,1
BRF:4
BRH:4
end_of_record
TN:
SF:src/utils/index.ts
FNF:0
FNH:0
LF:0
LH:0
BRF:0
BRH:0
end_of_record
TN:
SF:src/utils/theme.ts
FN:8,(anonymous_0)
FN:14,(anonymous_1)
FN:22,(anonymous_2)
FN:23,(anonymous_3)
FN:24,(anonymous_4)
FNF:5
FNH:5
FNDA:36,(anonymous_0)
FNDA:65,(anonymous_1)
FNDA:36,(anonymous_2)
FNDA:37,(anonymous_3)
FNDA:28,(anonymous_4)
DA:3,3
DA:4,3
DA:5,3
DA:6,3
DA:8,3
DA:9,36
DA:10,36
DA:11,36
DA:12,36
DA:14,3
DA:15,65
DA:16,65
DA:17,65
DA:18,65
DA:21,3
DA:22,36
DA:23,37
DA:24,28
LF:18
LH:18
BRDA:5,0,0,3
BRDA:5,0,1,0
BRF:2
BRH:1
end_of_record
